#
# A fatal error has been detected by the Java Runtime Environment:
#
#  EXCEPTION_ACCESS_VIOLATION (0xc0000005) at pc=0x0000000000000000, pid=29864, tid=14220
#
# JRE version: Java(TM) SE Runtime Environment (18.0.2.1+1) (build 18.0.2.1+1-1)
# Java VM: Java HotSpot(TM) 64-Bit Server VM (18.0.2.1+1-1, mixed mode, emulated-client, sharing, tiered, compressed oops, compressed class ptrs, g1 gc, windows-amd64)
# Problematic frame:
# C  0x0000000000000000
#
# No core dump will be written. Minidumps are not enabled by default on client versions of Windows
#
# If you would like to submit a bug report, please visit:
#   https://bugreport.java.com/bugreport/crash.jsp
# The crash happened outside the Java Virtual Machine in native code.
# See problematic frame for where to report the bug.
#

---------------  S U M M A R Y ------------

Command Line: -XX:TieredStopAtLevel=1 -Xverify:none -Dspring.output.ansi.enabled=always -javaagent:C:\Program Files\JetBrains\IntelliJ IDEA 2021.2\lib\idea_rt.jar=54331:C:\Program Files\JetBrains\IntelliJ IDEA 2021.2\bin -Dcom.sun.management.jmxremote -Dspring.jmx.enabled=true -Dspring.liveBeansView.mbeanDomain -Dspring.application.admin.enabled=true -Dfile.encoding=UTF-8 com.example.deeplearning4jcnn.Deeplearning4jCnnApplication

Host: AMD Ryzen 7 4700U with Radeon Graphics         , 8 cores, 15G,  Windows 11 , 64 bit Build 22000 (10.0.22000.1219)
Time: Mon Nov 28 18:17:03 2022 Mitteleuropäische Zeit elapsed time: 2.253490 seconds (0d 0h 0m 2s)

---------------  T H R E A D  ---------------

Current thread (0x000002426978a190):  JavaThread "restartedMain" [_thread_in_native, id=14220, stack(0x000000bcd8900000,0x000000bcd8a00000)]

Stack: [0x000000bcd8900000,0x000000bcd8a00000],  sp=0x000000bcd89fe1d8,  free space=1016k
Native frames: (J=compiled Java code, j=interpreted, Vv=VM code, C=native code)

Java frames: (J=compiled Java code, j=interpreted, Vv=VM code)
j  org.bytedeco.javacpp.openblas.blas_set_num_threads(I)V+0
j  org.nd4j.linalg.cpu.nativecpu.blas.CpuBlas.setMaxThreads(I)V+1
j  org.nd4j.nativeblas.Nd4jBlas.<init>()V+97
j  org.nd4j.linalg.cpu.nativecpu.blas.CpuBlas.<init>()V+1
j  org.nd4j.linalg.cpu.nativecpu.CpuNDArrayFactory.createBlas()V+5
j  org.nd4j.linalg.factory.BaseNDArrayFactory.blas()Lorg/nd4j/linalg/api/blas/Blas;+8
j  org.nd4j.linalg.cpu.nativecpu.ops.NativeOpExecutioner.getEnvironmentInformation()Ljava/util/Properties;+41
j  org.nd4j.linalg.api.ops.executioner.DefaultOpExecutioner.printEnvironmentInformation()V+1
j  org.nd4j.linalg.factory.Nd4j.initWithBackend(Lorg/nd4j/linalg/factory/Nd4jBackend;)V+964
j  org.nd4j.linalg.factory.Nd4j.initContext()V+6
j  org.nd4j.linalg.factory.Nd4j.<clinit>()V+157
v  ~StubRoutines::call_stub
j  org.deeplearning4j.nn.conf.NeuralNetConfiguration$Builder.seed(I)Lorg/deeplearning4j/nn/conf/NeuralNetConfiguration$Builder;+6
j  com.example.deeplearning4jcnn.Deeplearning4jCnnApplication.main([Ljava/lang/String;)V+37
j  java.lang.invoke.LambdaForm$DMH+0x0000000800c03000.invokeStatic(Ljava/lang/Object;Ljava/lang/Object;)V+10 java.base@18.0.2.1
j  java.lang.invoke.LambdaForm$MH+0x0000000800cf8400.invoke(Ljava/lang/Object;Ljava/lang/Object;Ljava/lang/Object;)Ljava/lang/Object;+33 java.base@18.0.2.1
j  java.lang.invoke.Invokers$Holder.invokeExact_MT(Ljava/lang/Object;Ljava/lang/Object;Ljava/lang/Object;Ljava/lang/Object;)Ljava/lang/Object;+20 java.base@18.0.2.1
j  jdk.internal.reflect.DirectMethodHandleAccessor.invokeImpl(Ljava/lang/Object;[Ljava/lang/Object;)Ljava/lang/Object;+55 java.base@18.0.2.1
j  jdk.internal.reflect.DirectMethodHandleAccessor.invoke(Ljava/lang/Object;[Ljava/lang/Object;)Ljava/lang/Object;+23 java.base@18.0.2.1
j  java.lang.reflect.Method.invoke(Ljava/lang/Object;[Ljava/lang/Object;)Ljava/lang/Object;+102 java.base@18.0.2.1
j  org.springframework.boot.devtools.restart.RestartLauncher.run()V+42
v  ~StubRoutines::call_stub

siginfo: EXCEPTION_ACCESS_VIOLATION (0xc0000005), data execution prevention violation at address 0x0000000000000000


Register to memory mapping:

RIP=0x0 is NULL
RAX=0x0 is NULL
RBX=0x0000000000000008 is an unknown value
RCX=0x00007ffaaeef9d10 mkl_intel_thread.dll
RDX=0x00007ffaad06bab0 mkl_intel_thread.dll
RSP=0x000000bcd89fe1d8 is pointing into the stack for thread: 0x000002426978a190
RBP=0x00007ffab0881770 mkl_rt.dll
RSI=0x00007ffab0880000 mkl_rt.dll
RDI=0x00007ffb34cb9ae0 KERNEL32.DLL
R8 =0x00000000000010ac is an unknown value
R9 =0x00000000000010ac is an unknown value
R10=0x00000242000005f5 is an unknown value
R11=0x000002424bf66306 points into unknown readable memory: 00 00
R12=0x0000000000000008 is an unknown value
R13={method} {0x0000024265d44468} 'blas_set_num_threads' '(I)V' in 'org/bytedeco/javacpp/openblas'
R14=0x000000bcd89fe310 is pointing into the stack for thread: 0x000002426978a190
R15=0x000002426978a190 is a thread


Registers:
RAX=0x0000000000000000, RBX=0x0000000000000008, RCX=0x00007ffaaeef9d10, RDX=0x00007ffaad06bab0
RSP=0x000000bcd89fe1d8, RBP=0x00007ffab0881770, RSI=0x00007ffab0880000, RDI=0x00007ffb34cb9ae0
R8 =0x00000000000010ac, R9 =0x00000000000010ac, R10=0x00000242000005f5, R11=0x000002424bf66306
R12=0x0000000000000008, R13=0x0000024265d44460, R14=0x000000bcd89fe310, R15=0x000002426978a190
RIP=0x0000000000000000, EFLAGS=0x0000000000010206

Top of Stack: (sp=0x000000bcd89fe1d8)
0x000000bcd89fe1d8:   00007ffaad06bb88 00007ffaaeef9d10
0x000000bcd89fe1e8:   00007ffaad06bab0 00000000000010ac
0x000000bcd89fe1f8:   00000000000010ac 00000000001a0019
0x000000bcd89fe208:   000002426978a420 00007ffb34cb9ae0
0x000000bcd89fe218:   0000000067a233f5 0000000000000008
0x000000bcd89fe228:   00007ffab0883570 00007ffab0881770
0x000000bcd89fe238:   00007ffab0880000 0000024255af94ea
0x000000bcd89fe248:   0000024255afcf15 0000024265d44460
0x000000bcd89fe258:   0000000717f78418 0000024255af94ea
0x000000bcd89fe268:   000000bcd89fe2f0 0000000000000000
0x000000bcd89fe278:   0000024255afd0a8 0000024265d44460
0x000000bcd89fe288:   0000000717f78418 0000024265cfde40
0x000000bcd89fe298:   000002426978a190 0000024255afcd7d
0x000000bcd89fe2a8:   000000bcd89fe2a8 0000024265d44460
0x000000bcd89fe2b8:   000000bcd89fe310 000002426580f0c8
0x000000bcd89fe2c8:   0000000000000000 00000007192051b8 

Instructions: (pc=0x0000000000000000)
0xffffffffffffff00:   


Stack slot to memory mapping:
stack at sp + 0 slots: 0x00007ffaad06bb88 mkl_intel_thread.dll
stack at sp + 1 slots: 0x00007ffaaeef9d10 mkl_intel_thread.dll
stack at sp + 2 slots: 0x00007ffaad06bab0 mkl_intel_thread.dll
stack at sp + 3 slots: 0x00000000000010ac is an unknown value
stack at sp + 4 slots: 0x00000000000010ac is an unknown value
stack at sp + 5 slots: 0x00000000001a0019 is an unknown value
stack at sp + 6 slots: 0x000002426978a420 points into unknown readable memory: 0x00007ffab21d4720 | 20 47 1d b2 fa 7f 00 00
stack at sp + 7 slots: 0x00007ffb34cb9ae0 KERNEL32.DLL


---------------  P R O C E S S  ---------------

Threads class SMR info:
_java_thread_list=0x000002426a069c50, length=26, elements={
0x000002424e1cb160, 0x00000242648c8c80, 0x00000242648ca630, 0x00000242648e24a0,
0x00000242648e2e40, 0x00000242648e57f0, 0x00000242648e6190, 0x00000242648e8b40,
0x00000242648e9b30, 0x0000024268c102f0, 0x00000242648b2970, 0x000002426495dc10,
0x0000024269268c10, 0x00000242692690d0, 0x0000024269389860, 0x00000242693a4240,
0x00000242697887a0, 0x000002426978a190, 0x0000024269ed75f0, 0x0000024269efe3b0,
0x0000024269fc4ed0, 0x0000024269fc5d40, 0x0000024269fc5870, 0x0000024269fc7550,
0x0000024269fc53a0, 0x0000024269fc4060
}

Java Threads: ( => current thread )
  0x000002424e1cb160 JavaThread "main" [_thread_blocked, id=9868, stack(0x000000bcd6900000,0x000000bcd6a00000)]
  0x00000242648c8c80 JavaThread "Reference Handler" daemon [_thread_blocked, id=6060, stack(0x000000bcd7000000,0x000000bcd7100000)]
  0x00000242648ca630 JavaThread "Finalizer" daemon [_thread_blocked, id=26080, stack(0x000000bcd7100000,0x000000bcd7200000)]
  0x00000242648e24a0 JavaThread "Signal Dispatcher" daemon [_thread_blocked, id=28304, stack(0x000000bcd7200000,0x000000bcd7300000)]
  0x00000242648e2e40 JavaThread "Attach Listener" daemon [_thread_blocked, id=13836, stack(0x000000bcd7300000,0x000000bcd7400000)]
  0x00000242648e57f0 JavaThread "Service Thread" daemon [_thread_blocked, id=21256, stack(0x000000bcd7400000,0x000000bcd7500000)]
  0x00000242648e6190 JavaThread "Monitor Deflation Thread" daemon [_thread_blocked, id=22980, stack(0x000000bcd7500000,0x000000bcd7600000)]
  0x00000242648e8b40 JavaThread "C1 CompilerThread0" daemon [_thread_blocked, id=14252, stack(0x000000bcd7600000,0x000000bcd7700000)]
  0x00000242648e9b30 JavaThread "Sweeper thread" daemon [_thread_blocked, id=19084, stack(0x000000bcd7700000,0x000000bcd7800000)]
  0x0000024268c102f0 JavaThread "Common-Cleaner" daemon [_thread_blocked, id=32544, stack(0x000000bcd7800000,0x000000bcd7900000)]
  0x00000242648b2970 JavaThread "C1 CompilerThread1" daemon [_thread_blocked, id=4152, stack(0x000000bcd7900000,0x000000bcd7a00000)]
  0x000002426495dc10 JavaThread "C1 CompilerThread2" daemon [_thread_blocked, id=29460, stack(0x000000bcd7a00000,0x000000bcd7b00000)]
  0x0000024269268c10 JavaThread "Monitor Ctrl-Break" daemon [_thread_in_native, id=27964, stack(0x000000bcd7b00000,0x000000bcd7c00000)]
  0x00000242692690d0 JavaThread "Notification Thread" daemon [_thread_blocked, id=5376, stack(0x000000bcd7c00000,0x000000bcd7d00000)]
  0x0000024269389860 JavaThread "C1 CompilerThread3" daemon [_thread_blocked, id=30908, stack(0x000000bcd7d00000,0x000000bcd7e00000)]
  0x00000242693a4240 JavaThread "RMI TCP Accept-0" daemon [_thread_in_native, id=32144, stack(0x000000bcd7e00000,0x000000bcd7f00000)]
  0x00000242697887a0 JavaThread "Thread-0" [_thread_blocked, id=21528, stack(0x000000bcd8800000,0x000000bcd8900000)]
=>0x000002426978a190 JavaThread "restartedMain" [_thread_in_native, id=14220, stack(0x000000bcd8900000,0x000000bcd8a00000)]
  0x0000024269ed75f0 JavaThread "RMI TCP Connection(1)-192.168.178.30" daemon [_thread_in_native, id=21492, stack(0x000000bcd8c00000,0x000000bcd8d00000)]
  0x0000024269efe3b0 JavaThread "RMI Scheduler(0)" daemon [_thread_blocked, id=22560, stack(0x000000bcd8d00000,0x000000bcd8e00000)]
  0x0000024269fc4ed0 JavaThread "File Watcher" daemon [_thread_in_native, id=12132, stack(0x000000bcd8b00000,0x000000bcd8c00000)]
  0x0000024269fc5d40 JavaThread "Live Reload Server" daemon [_thread_in_native, id=24216, stack(0x000000bcd8f00000,0x000000bcd9000000)]
  0x0000024269fc5870 JavaThread "Workspace deallocator thread" daemon [_thread_blocked, id=28104, stack(0x000000bcd8e00000,0x000000bcd8f00000)]
  0x0000024269fc7550 JavaThread "JavaCPP Deallocator" daemon [_thread_blocked, id=27128, stack(0x000000bcd9000000,0x000000bcd9100000)]
  0x0000024269fc53a0 JavaThread "RMI TCP Connection(2)-192.168.178.30" daemon [_thread_in_native, id=28488, stack(0x000000bcd9100000,0x000000bcd9200000)]
  0x0000024269fc4060 JavaThread "JMX server connection timeout 35" daemon [_thread_blocked, id=16264, stack(0x000000bcd9200000,0x000000bcd9300000)]

Other Threads:
  0x00000242648c4400 VMThread "VM Thread" [stack: 0x000000bcd6f00000,0x000000bcd7000000] [id=22364]
  0x00000242693a9cc0 WatcherThread "VM Periodic Task Thread" [stack: 0x000000bcd7f00000,0x000000bcd8000000] [id=8336]
  0x000002424e238370 WorkerThread "GC Thread#0" [stack: 0x000000bcd6a00000,0x000000bcd6b00000] [id=7724]
  0x000002426972d060 WorkerThread "GC Thread#1" [stack: 0x000000bcd8000000,0x000000bcd8100000] [id=29392]
  0x000002426972d300 WorkerThread "GC Thread#2" [stack: 0x000000bcd8100000,0x000000bcd8200000] [id=27892]
  0x0000024269761270 WorkerThread "GC Thread#3" [stack: 0x000000bcd8200000,0x000000bcd8300000] [id=12804]
  0x0000024269761510 WorkerThread "GC Thread#4" [stack: 0x000000bcd8300000,0x000000bcd8400000] [id=17392]
  0x000002426977d190 WorkerThread "GC Thread#5" [stack: 0x000000bcd8400000,0x000000bcd8500000] [id=28760]
  0x000002426977d430 WorkerThread "GC Thread#6" [stack: 0x000000bcd8500000,0x000000bcd8600000] [id=20728]
  0x0000024269e0d030 WorkerThread "GC Thread#7" [stack: 0x000000bcd8a00000,0x000000bcd8b00000] [id=28968]
  0x000002424e24aa60 ConcurrentGCThread "G1 Main Marker" [stack: 0x000000bcd6b00000,0x000000bcd6c00000] [id=12936]
  0x000002424e24b450 WorkerThread "G1 Conc#0" [stack: 0x000000bcd6c00000,0x000000bcd6d00000] [id=31180]
  0x000002426a2e0010 WorkerThread "G1 Conc#1" [stack: 0x000000bcd9300000,0x000000bcd9400000] [id=11828]
  0x000002424e27ec20 ConcurrentGCThread "G1 Refine#0" [stack: 0x000000bcd6d00000,0x000000bcd6e00000] [id=5572]
  0x0000024269754330 ConcurrentGCThread "G1 Refine#1" [stack: 0x000000bcd8600000,0x000000bcd8700000] [id=30644]
  0x0000024268d4f840 ConcurrentGCThread "G1 Refine#2" [stack: 0x000000bcd8700000,0x000000bcd8800000] [id=12756]
  0x000002426477bb90 ConcurrentGCThread "G1 Service" [stack: 0x000000bcd6e00000,0x000000bcd6f00000] [id=22148]

Threads with active compile tasks:

VM state: not at safepoint (normal execution)

VM Mutex/Monitor currently owned by a thread: None

Heap address: 0x0000000709c00000, size: 3940 MB, Compressed Oops mode: Zero based, Oop shift amount: 3

CDS archive(s) mapped at: [0x0000000800000000-0x0000000800ba0000-0x0000000800ba0000), size 12189696, SharedBaseAddress: 0x0000000800000000, ArchiveRelocationMode: 0.
Compressed class space mapped at: 0x0000000800c00000-0x0000000840c00000, reserved size: 1073741824
Narrow klass base: 0x0000000800000000, Narrow klass shift: 0, Narrow klass range: 0x100000000

GC Precious Log:
 CardTable entry size: 512
 Card Set container configuration: InlinePtr #cards 4 size 8 Array Of Cards #cards 16 size 48 Howl #buckets 8 coarsen threshold 3686 Howl Bitmap #cards 512 size 80 coarsen threshold 460 Card regions per heap region 1 cards per card region 4096
 CPUs: 8 total, 8 available
 Memory: 15756M
 Large Page Support: Disabled
 NUMA Support: Disabled
 Compressed Oops: Enabled (Zero based)
 Heap Region Size: 2M
 Heap Min Capacity: 8M
 Heap Initial Capacity: 248M
 Heap Max Capacity: 3940M
 Pre-touch: Disabled
 Parallel Workers: 8
 Concurrent Workers: 2
 Concurrent Refinement Workers: 8
 Periodic GC: Disabled

Heap:
 garbage-first heap   total 61440K, used 17182K [0x0000000709c00000, 0x0000000800000000)
  region size 2048K, 5 young (10240K), 3 survivors (6144K)
 Metaspace       used 22068K, committed 22592K, reserved 1114112K
  class space    used 2610K, committed 2880K, reserved 1048576K

Heap Regions: E=young(eden), S=young(survivor), O=old, HS=humongous(starts), HC=humongous(continues), CS=collection set, F=free, OA=open archive, CA=closed archive, TAMS=top-at-mark-start (previous, next)
|   0|0x0000000709c00000, 0x0000000709e00000, 0x0000000709e00000|100%|HS|  |TAMS 0x0000000709e00000, 0x0000000709c00000| Complete 
|   1|0x0000000709e00000, 0x000000070a000000, 0x000000070a000000|100%| O|  |TAMS 0x000000070a000000, 0x0000000709e00000| Untracked 
|   2|0x000000070a000000, 0x000000070a200000, 0x000000070a200000|100%| O|  |TAMS 0x000000070a200000, 0x000000070a000000| Untracked 
|   3|0x000000070a200000, 0x000000070a3ecc00, 0x000000070a400000| 96%| O|  |TAMS 0x000000070a3ecc00, 0x000000070a200000| Untracked 
|   4|0x000000070a400000, 0x000000070a600000, 0x000000070a600000|100%|HS|  |TAMS 0x000000070a600000, 0x000000070a400000| Complete 
|   5|0x000000070a600000, 0x000000070a600000, 0x000000070a800000|  0%| F|  |TAMS 0x000000070a600000, 0x000000070a600000| Untracked 
|   6|0x000000070a800000, 0x000000070a800000, 0x000000070aa00000|  0%| F|  |TAMS 0x000000070a800000, 0x000000070a800000| Untracked 
|   7|0x000000070aa00000, 0x000000070aa00000, 0x000000070ac00000|  0%| F|  |TAMS 0x000000070aa00000, 0x000000070aa00000| Untracked 
|   8|0x000000070ac00000, 0x000000070ac00000, 0x000000070ae00000|  0%| F|  |TAMS 0x000000070ac00000, 0x000000070ac00000| Untracked 
|   9|0x000000070ae00000, 0x000000070ae00000, 0x000000070b000000|  0%| F|  |TAMS 0x000000070ae00000, 0x000000070ae00000| Untracked 
|  10|0x000000070b000000, 0x000000070b000000, 0x000000070b200000|  0%| F|  |TAMS 0x000000070b000000, 0x000000070b000000| Untracked 
|  11|0x000000070b200000, 0x000000070b200000, 0x000000070b400000|  0%| F|  |TAMS 0x000000070b200000, 0x000000070b200000| Untracked 
|  12|0x000000070b400000, 0x000000070b400000, 0x000000070b600000|  0%| F|  |TAMS 0x000000070b400000, 0x000000070b400000| Untracked 
|  13|0x000000070b600000, 0x000000070b600000, 0x000000070b800000|  0%| F|  |TAMS 0x000000070b600000, 0x000000070b600000| Untracked 
|  14|0x000000070b800000, 0x000000070b800000, 0x000000070ba00000|  0%| F|  |TAMS 0x000000070b800000, 0x000000070b800000| Untracked 
|  15|0x000000070ba00000, 0x000000070ba00000, 0x000000070bc00000|  0%| F|  |TAMS 0x000000070ba00000, 0x000000070ba00000| Untracked 
|  16|0x000000070bc00000, 0x000000070bc00000, 0x000000070be00000|  0%| F|  |TAMS 0x000000070bc00000, 0x000000070bc00000| Untracked 
|  17|0x000000070be00000, 0x000000070be00000, 0x000000070c000000|  0%| F|  |TAMS 0x000000070be00000, 0x000000070be00000| Untracked 
|  18|0x000000070c000000, 0x000000070c000000, 0x000000070c200000|  0%| F|  |TAMS 0x000000070c000000, 0x000000070c000000| Untracked 
|  19|0x000000070c200000, 0x000000070c200000, 0x000000070c400000|  0%| F|  |TAMS 0x000000070c200000, 0x000000070c200000| Untracked 
|  20|0x000000070c400000, 0x000000070c400000, 0x000000070c600000|  0%| F|  |TAMS 0x000000070c400000, 0x000000070c400000| Untracked 
|  21|0x000000070c600000, 0x000000070c600000, 0x000000070c800000|  0%| F|  |TAMS 0x000000070c600000, 0x000000070c600000| Untracked 
|  22|0x000000070c800000, 0x000000070c800000, 0x000000070ca00000|  0%| F|  |TAMS 0x000000070c800000, 0x000000070c800000| Untracked 
|  23|0x000000070ca00000, 0x000000070ca00000, 0x000000070cc00000|  0%| F|  |TAMS 0x000000070ca00000, 0x000000070ca00000| Untracked 
|  24|0x000000070cc00000, 0x000000070cc00000, 0x000000070ce00000|  0%| F|  |TAMS 0x000000070cc00000, 0x000000070cc00000| Untracked 
|  25|0x000000070ce00000, 0x000000070ce40000, 0x000000070d000000| 12%| E|  |TAMS 0x000000070ce00000, 0x000000070ce00000| Complete 
|  87|0x0000000714a00000, 0x0000000714adac00, 0x0000000714c00000| 42%| S|CS|TAMS 0x0000000714a00000, 0x0000000714a00000| Complete 
|  88|0x0000000714c00000, 0x0000000714e00000, 0x0000000714e00000|100%| S|CS|TAMS 0x0000000714c00000, 0x0000000714c00000| Complete 
|  89|0x0000000714e00000, 0x0000000715000000, 0x0000000715000000|100%| S|CS|TAMS 0x0000000714e00000, 0x0000000714e00000| Complete 
| 123|0x0000000719200000, 0x0000000719400000, 0x0000000719400000|100%| E|CS|TAMS 0x0000000719200000, 0x0000000719200000| Complete 

Card table byte_map: [0x00000242593c0000,0x0000024259b80000] _byte_map_base: 0x0000024255b72000

Marking Bits (Prev, Next): (CMBitMap*) 0x000002424e2399c0, (CMBitMap*) 0x000002424e239980
 Prev Bits: [0x000002425e0d0000, 0x0000024261e60000)
 Next Bits: [0x000002425a340000, 0x000002425e0d0000)

Polling page: 0x000002424d980000

Metaspace:

Usage:
  Non-class:     19.00 MB used.
      Class:      2.55 MB used.
       Both:     21.55 MB used.

Virtual space:
  Non-class space:       64.00 MB reserved,      19.25 MB ( 30%) committed,  1 nodes.
      Class space:        1.00 GB reserved,       2.81 MB ( <1%) committed,  1 nodes.
             Both:        1.06 GB reserved,      22.06 MB (  2%) committed. 

Chunk freelists:
   Non-Class:  592.00 KB
       Class:  1.11 MB
        Both:  1.69 MB

MaxMetaspaceSize: unlimited
CompressedClassSpaceSize: 1.00 GB
Initial GC threshold: 21.00 MB
Current GC threshold: 36.69 MB
CDS: on
MetaspaceReclaimPolicy: balanced
 - commit_granule_bytes: 65536.
 - commit_granule_words: 8192.
 - virtual_space_node_default_size: 8388608.
 - enlarge_chunks_in_place: 1.
 - new_chunks_are_fully_committed: 0.
 - uncommit_free_chunks: 1.
 - use_allocation_guard: 0.


Internal statistics:

num_allocs_failed_limit: 12.
num_arena_births: 614.
num_arena_deaths: 0.
num_vsnodes_births: 2.
num_vsnodes_deaths: 0.
num_space_committed: 351.
num_space_uncommitted: 0.
num_chunks_returned_to_freelist: 12.
num_chunks_taken_from_freelist: 1350.
num_chunk_merges: 12.
num_chunk_splits: 914.
num_chunks_enlarged: 613.
num_inconsistent_stats: 0.

CodeCache: size=49152Kb used=8085Kb max_used=8085Kb free=41066Kb
 bounds [0x0000024255af0000, 0x00000242562e0000, 0x0000024258af0000]
 total_blobs=4190 nmethods=3151 adapters=963
 compilation: enabled
              stopped_count=0, restarted_count=0
 full_count=0

Compilation events (20 events):
Event: 2.186 Thread 0x00000242648e8b40 3140       1       jdk.internal.loader.NativeLibraries::loadLibrary (55 bytes)
Event: 2.186 Thread 0x00000242648b2970 3142       1       jdk.internal.loader.NativeLibraries$1::<init> (10 bytes)
Event: 2.186 Thread 0x000002426495dc10 3143       1       jdk.internal.loader.NativeLibraries$1::run (5 bytes)
Event: 2.186 Thread 0x0000024269389860 3144   !   1       jdk.internal.loader.NativeLibraries$1::run (29 bytes)
Event: 2.187 Thread 0x00000242648e8b40 nmethod 3140 0x00000242562d1690 code [0x00000242562d1860, 0x00000242562d1b28]
Event: 2.187 Thread 0x00000242648b2970 nmethod 3142 0x00000242562d1c90 code [0x00000242562d1e20, 0x00000242562d1f38]
Event: 2.187 Thread 0x000002426495dc10 nmethod 3143 0x00000242562d1f90 code [0x00000242562d2180, 0x00000242562d2428]
Event: 2.187 Thread 0x0000024269389860 nmethod 3144 0x00000242562d2690 code [0x00000242562d2880, 0x00000242562d2b98]
Event: 2.225 Thread 0x000002426495dc10 3146       1       java.io.Bits::getShort (18 bytes)
Event: 2.226 Thread 0x00000242648b2970 3147       1       java.lang.AbstractStringBuilder::appendChars (130 bytes)
Event: 2.226 Thread 0x000002426495dc10 nmethod 3146 0x00000242562d2e90 code [0x00000242562d3020, 0x00000242562d3138]
Event: 2.226 Thread 0x0000024269389860 3148       1       java.io.ObjectStreamField::getField (5 bytes)
Event: 2.226 Thread 0x000002426495dc10 3149       1       java.util.concurrent.ConcurrentHashMap::<init> (9 bytes)
Event: 2.226 Thread 0x0000024269389860 nmethod 3148 0x00000242562d3210 code [0x00000242562d33a0, 0x00000242562d3478]
Event: 2.226 Thread 0x000002426495dc10 nmethod 3149 0x00000242562d3510 code [0x00000242562d36c0, 0x00000242562d37a8]
Event: 2.226 Thread 0x0000024269389860 3150       1       java.lang.ThreadLocal$ThreadLocalMap::set (133 bytes)
Event: 2.226 Thread 0x00000242648b2970 nmethod 3147 0x00000242562d3810 code [0x00000242562d39e0, 0x00000242562d3e08]
Event: 2.226 Thread 0x00000242648b2970 3151       1       org.bytedeco.javacpp.ClassProperties::get (30 bytes)
Event: 2.227 Thread 0x0000024269389860 nmethod 3150 0x00000242562d4290 code [0x00000242562d44a0, 0x00000242562d4ae8]
Event: 2.227 Thread 0x00000242648b2970 nmethod 3151 0x00000242562d4e10 code [0x00000242562d4fe0, 0x00000242562d52e8]

GC Heap History (6 events):
Event: 0.602 GC heap before
{Heap before GC invocations=0 (full 0):
 garbage-first heap   total 253952K, used 24576K [0x0000000709c00000, 0x0000000800000000)
  region size 2048K, 11 young (22528K), 0 survivors (0K)
 Metaspace       used 6642K, committed 6848K, reserved 1114112K
  class space    used 798K, committed 896K, reserved 1048576K
}
Event: 0.607 GC heap after
{Heap after GC invocations=1 (full 0):
 garbage-first heap   total 253952K, used 7989K [0x0000000709c00000, 0x0000000800000000)
  region size 2048K, 2 young (4096K), 2 survivors (4096K)
 Metaspace       used 6642K, committed 6848K, reserved 1114112K
  class space    used 798K, committed 896K, reserved 1048576K
}
Event: 0.997 GC heap before
{Heap before GC invocations=1 (full 0):
 garbage-first heap   total 253952K, used 26421K [0x0000000709c00000, 0x0000000800000000)
  region size 2048K, 12 young (24576K), 2 survivors (4096K)
 Metaspace       used 10583K, committed 10816K, reserved 1114112K
  class space    used 1401K, committed 1536K, reserved 1048576K
}
Event: 1.001 GC heap after
{Heap after GC invocations=2 (full 0):
 garbage-first heap   total 253952K, used 9875K [0x0000000709c00000, 0x0000000800000000)
  region size 2048K, 1 young (2048K), 1 survivors (2048K)
 Metaspace       used 10583K, committed 10816K, reserved 1114112K
  class space    used 1401K, committed 1536K, reserved 1048576K
}
Event: 2.142 GC heap before
{Heap before GC invocations=2 (full 0):
 garbage-first heap   total 253952K, used 75411K [0x0000000709c00000, 0x0000000800000000)
  region size 2048K, 34 young (69632K), 1 survivors (2048K)
 Metaspace       used 21064K, committed 21504K, reserved 1114112K
  class space    used 2601K, committed 2816K, reserved 1048576K
}
Event: 2.147 GC heap after
{Heap after GC invocations=3 (full 0):
 garbage-first heap   total 253952K, used 15134K [0x0000000709c00000, 0x0000000800000000)
  region size 2048K, 3 young (6144K), 3 survivors (6144K)
 Metaspace       used 21064K, committed 21504K, reserved 1114112K
  class space    used 2601K, committed 2816K, reserved 1048576K
}

Deoptimization events (2 events):
Event: 1.004 Thread 0x000002426978a190 DEOPT PACKING pc=0x0000024256099f79 sp=0x000000bcd89fd360
Event: 1.004 Thread 0x000002426978a190 DEOPT UNPACKING pc=0x0000024255b42b43 sp=0x000000bcd89fc840 mode 3

Classes loaded (20 events):
Event: 1.822 Loading class javax/management/remote/rmi/RMIConnectionImpl$7
Event: 1.822 Loading class javax/management/remote/rmi/RMIConnectionImpl$7 done
Event: 1.822 Loading class com/sun/jmx/remote/util/OrderClassLoaders
Event: 1.822 Loading class com/sun/jmx/remote/util/OrderClassLoaders done
Event: 1.822 Loading class java/rmi/MarshalledObject$MarshalledObjectInputStream
Event: 1.822 Loading class java/rmi/MarshalledObject$MarshalledObjectInputStream done
Event: 1.848 Loading class java/util/zip/ZipFile$ZipEntryIterator
Event: 1.848 Loading class java/util/zip/ZipFile$ZipEntryIterator done
Event: 1.849 Loading class java/util/WeakHashMap$KeyIterator
Event: 1.849 Loading class java/util/WeakHashMap$HashIterator
Event: 1.849 Loading class java/util/WeakHashMap$HashIterator done
Event: 1.849 Loading class java/util/WeakHashMap$KeyIterator done
Event: 1.856 Loading class java/util/zip/DeflaterInputStream
Event: 1.856 Loading class java/util/zip/DeflaterInputStream done
Event: 1.864 Loading class java/util/ArrayList$ListItr
Event: 1.864 Loading class java/util/ArrayList$ListItr done
Event: 2.230 Loading class sun/nio/fs/WindowsException
Event: 2.231 Loading class sun/nio/fs/WindowsException done
Event: 2.231 Loading class java/nio/file/FileSystemException
Event: 2.231 Loading class java/nio/file/FileSystemException done

Classes unloaded (0 events):
No events

Classes redefined (0 events):
No events

Internal exceptions (20 events):
Event: 1.555 Thread 0x000002426978a190 Exception <a 'java/lang/NoClassDefFoundError'{0x000000071770a3f0}: liquibase/integration/spring/SpringLiquibase> (0x000000071770a3f0) 
thrown [s\open\src\hotspot\share\classfile\systemDictionary.cpp, line 244]
Event: 1.578 Thread 0x000002426978a190 Exception <a 'java/lang/NoSuchMethodError'{0x0000000717409718}: 'void java.lang.invoke.DirectMethodHandle$Holder.invokeSpecial(java.lang.Object, java.lang.Object, java.lang.Object, java.lang.Object, java.lang.Object, java.lang.Object)'> (0x0000000717409718) 
thrown [s\open\src\hotspot\share\interpreter\linkResolver.cpp, line 759]
Event: 1.585 Thread 0x000002426978a190 Exception <a 'java/lang/NoSuchMethodError'{0x00000007174748a8}: 'void java.lang.invoke.DirectMethodHandle$Holder.invokeVirtual(java.lang.Object, java.lang.Object, int)'> (0x00000007174748a8) 
thrown [s\open\src\hotspot\share\interpreter\linkResolver.cpp, line 759]
Event: 1.586 Thread 0x000002426978a190 Exception <a 'java/lang/NoSuchMethodError'{0x0000000717478700}: 'int java.lang.invoke.DirectMethodHandle$Holder.invokeSpecial(java.lang.Object, java.lang.Object, java.lang.Object, int)'> (0x0000000717478700) 
thrown [s\open\src\hotspot\share\interpreter\linkResolver.cpp, line 759]
Event: 1.587 Thread 0x000002426978a190 Exception <a 'java/lang/NoSuchMethodError'{0x000000071748a658}: 'java.lang.Object java.lang.invoke.DirectMethodHandle$Holder.invokeStatic(java.lang.Object, java.lang.Object, java.lang.Object, java.lang.Object, int)'> (0x000000071748a658) 
thrown [s\open\src\hotspot\share\interpreter\linkResolver.cpp, line 759]
Event: 1.587 Thread 0x000002426978a190 Exception <a 'java/lang/NoSuchMethodError'{0x0000000717491fb8}: 'void java.lang.invoke.DelegatingMethodHandle$Holder.reinvoke_L(java.lang.Object, java.lang.Object, int)'> (0x0000000717491fb8) 
thrown [s\open\src\hotspot\share\interpreter\linkResolver.cpp, line 759]
Event: 1.591 Thread 0x000002426978a190 Exception <a 'java/lang/NoSuchMethodError'{0x00000007174ce260}: 'void java.lang.invoke.Invokers$Holder.invokeExact_MT(java.lang.Object, java.lang.Object, java.lang.Object, java.lang.Object)'> (0x00000007174ce260) 
thrown [s\open\src\hotspot\share\interpreter\linkResolver.cpp, line 759]
Event: 1.606 Thread 0x000002426978a190 Exception <a 'java/lang/NoSuchMethodError'{0x000000071758d620}: 'java.lang.reflect.Field[] java.lang.Class.getDeclaredFields(java.lang.Class)'> (0x000000071758d620) 
thrown [s\open\src\hotspot\share\interpreter\linkResolver.cpp, line 759]
Event: 1.615 Thread 0x000002426978a190 Exception <a 'java/lang/NoSuchMethodError'{0x0000000717229540}: 'java.lang.Object java.lang.invoke.DirectMethodHandle$Holder.invokeVirtual(java.lang.Object, java.lang.Object, java.lang.Object, java.lang.Object)'> (0x0000000717229540) 
thrown [s\open\src\hotspot\share\interpreter\linkResolver.cpp, line 759]
Event: 1.643 Thread 0x000002426978a190 Exception <a 'java/lang/NoSuchMethodError'{0x00000007173cc9e0}: 'java.lang.Object java.lang.invoke.DirectMethodHandle$Holder.invokeVirtual(java.lang.Object, java.lang.Object, java.lang.Object, java.lang.Object, java.lang.Object)'> (0x00000007173cc9e0) 
thrown [s\open\src\hotspot\share\interpreter\linkResolver.cpp, line 759]
Event: 1.694 Thread 0x000002426978a190 Exception <a 'java/lang/NoSuchMethodError'{0x00000007171ce2a8}: 'int java.lang.invoke.DirectMethodHandle$Holder.invokeInterface(java.lang.Object, java.lang.Object, java.lang.Object, java.lang.Object)'> (0x00000007171ce2a8) 
thrown [s\open\src\hotspot\share\interpreter\linkResolver.cpp, line 759]
Event: 1.695 Thread 0x000002426978a190 Exception <a 'java/lang/NoSuchMethodError'{0x00000007171e4f08}: 'java.lang.Object java.lang.invoke.DirectMethodHandle$Holder.newInvokeSpecial(java.lang.Object, java.lang.Object, int, java.lang.Object, java.lang.Object)'> (0x00000007171e4f08) 
thrown [s\open\src\hotspot\share\interpreter\linkResolver.cpp, line 759]
Event: 1.696 Thread 0x000002426978a190 Exception <a 'java/lang/NoSuchMethodError'{0x00000007171f0588}: 'java.lang.Object java.lang.invoke.DirectMethodHandle$Holder.invokeSpecial(java.lang.Object, java.lang.Object, int, java.lang.Object, int, java.lang.Object)'> (0x00000007171f0588) 
thrown [s\open\src\hotspot\share\interpreter\linkResolver.cpp, line 759]
Event: 1.697 Thread 0x000002426978a190 Exception <a 'java/lang/NoSuchMethodError'{0x00000007171f8390}: 'java.lang.Object java.lang.invoke.DirectMethodHandle$Holder.newInvokeSpecial(java.lang.Object, java.lang.Object, int, java.lang.Object, int)'> (0x00000007171f8390) 
thrown [s\open\src\hotspot\share\interpreter\linkResolver.cpp, line 759]
Event: 1.697 Thread 0x000002426978a190 Exception <a 'java/lang/NoSuchMethodError'{0x00000007171fc498}: 'java.lang.Object java.lang.invoke.DirectMethodHandle$Holder.invokeSpecial(java.lang.Object, java.lang.Object, java.lang.Object, int, java.lang.Object, int)'> (0x00000007171fc498) 
thrown [s\open\src\hotspot\share\interpreter\linkResolver.cpp, line 759]
Event: 1.798 Thread 0x000002426978a190 Exception <a 'java/lang/NoSuchMethodError'{0x0000000716828930}: 'int java.lang.invoke.DirectMethodHandle$Holder.invokeStaticInit(java.lang.Object, java.lang.Object, java.lang.Object, java.lang.Object)'> (0x0000000716828930) 
thrown [s\open\src\hotspot\share\interpreter\linkResolver.cpp, line 759]
Event: 1.820 Thread 0x0000024269fc53a0 Exception <a 'java/lang/NoSuchMethodError'{0x00000007169e1420}: 'java.lang.Object java.lang.invoke.DirectMethodHandle$Holder.invokeInterface(java.lang.Object, java.lang.Object, java.lang.Object, java.lang.Object, java.lang.Object, java.lang.Object, java.lang.Object)'> (0x00000007169e1420) 
thrown [s\open\src\hotspot\share\interpreter\linkResolver.cpp, line 759]
Event: 1.844 Thread 0x000002426978a190 Exception <a 'java/lang/NoSuchMethodError'{0x00000007166bb5b0}: 'java.lang.Object java.lang.invoke.DirectMethodHandle$Holder.newInvokeSpecial(java.lang.Object, java.lang.Object, int)'> (0x00000007166bb5b0) 
thrown [s\open\src\hotspot\share\interpreter\linkResolver.cpp, line 759]
Event: 2.231 Thread 0x000002426978a190 Exception <a 'sun/nio/fs/WindowsException'{0x000000071939aaa0}> (0x000000071939aaa0) 
thrown [s\open\src\hotspot\share\prims\jni.cpp, line 516]
Event: 2.231 Thread 0x000002426978a190 Exception <a 'sun/nio/fs/WindowsException'{0x000000071939aad0}> (0x000000071939aad0) 
thrown [s\open\src\hotspot\share\prims\jni.cpp, line 516]

VM Operations (20 events):
Event: 1.583 Executing VM operation: HandshakeAllThreads
Event: 1.583 Executing VM operation: HandshakeAllThreads done
Event: 1.603 Executing VM operation: HandshakeAllThreads
Event: 1.604 Executing VM operation: HandshakeAllThreads done
Event: 1.618 Executing VM operation: HandshakeAllThreads
Event: 1.618 Executing VM operation: HandshakeAllThreads done
Event: 1.864 Executing VM operation: HandshakeAllThreads
Event: 1.864 Executing VM operation: HandshakeAllThreads done
Event: 2.142 Executing VM operation: CollectForMetadataAllocation
Event: 2.147 Executing VM operation: CollectForMetadataAllocation done
Event: 2.148 Executing VM operation: CollectForMetadataAllocation
Event: 2.148 Executing VM operation: CollectForMetadataAllocation done
Event: 2.149 Executing VM operation: CollectForMetadataAllocation
Event: 2.149 Executing VM operation: CollectForMetadataAllocation done
Event: 2.150 Executing VM operation: CollectForMetadataAllocation
Event: 2.150 Executing VM operation: CollectForMetadataAllocation done
Event: 2.152 Executing VM operation: G1Concurrent
Event: 2.154 Executing VM operation: G1Concurrent done
Event: 2.154 Executing VM operation: G1Concurrent
Event: 2.164 Executing VM operation: G1Concurrent done

Events (20 events):
Event: 1.286 Thread 0x0000024269ed2dd0 Thread exited: 0x0000024269ed2dd0
Event: 1.683 Thread 0x0000024269fc4ed0 Thread added: 0x0000024269fc4ed0
Event: 1.687 Thread 0x0000024269fc53a0 Thread added: 0x0000024269fc53a0
Event: 1.687 Thread 0x0000024269fc53a0 Thread exited: 0x0000024269fc53a0
Event: 1.687 Thread 0x0000024269fc5d40 Thread added: 0x0000024269fc5d40
Event: 1.789 Thread 0x0000024269fc5870 Thread added: 0x0000024269fc5870
Event: 1.796 Thread 0x0000024269fc7550 Thread added: 0x0000024269fc7550
Event: 1.799 Thread 0x0000024269fc66e0 Thread added: 0x0000024269fc66e0
Event: 1.805 Thread 0x0000024269fc66e0 Thread exited: 0x0000024269fc66e0
Event: 1.807 Thread 0x0000024269fc53a0 Thread added: 0x0000024269fc53a0
Event: 1.812 Loaded shared library C:\Users\aliol\.javacpp\cache\nd4j-native-0.9.1-windows-x86_64.jar\org\nd4j\nativeblas\windows-x86_64\libnd4jcpu.dll
Event: 1.813 Thread 0x0000024269fc53a0 Thread exited: 0x0000024269fc53a0
Event: 1.816 Thread 0x0000024269fc53a0 Thread added: 0x0000024269fc53a0
Event: 1.817 Thread 0x0000024269fc4060 Thread added: 0x0000024269fc4060
Event: 1.824 Loaded shared library C:\Users\aliol\.javacpp\cache\nd4j-native-0.9.1-windows-x86_64.jar\org\nd4j\nativeblas\windows-x86_64\jnind4jcpu.dll
Event: 2.171 Loaded shared library C:\DB\bin\libiomp5md.dll
Event: 2.213 Loaded shared library C:\DB\bin\mkl_intel_thread.dll
Event: 2.219 Loaded shared library C:\DB\bin\mkl_rt.dll
Event: 2.226 Loaded shared library C:\Users\aliol\.javacpp\cache\mkl_rt.dll\libopenblas.dll
Event: 2.244 Loaded shared library C:\Users\aliol\.javacpp\cache\openblas-0.2.19-1.3-windows-x86_64.jar\org\bytedeco\javacpp\windows-x86_64\jniopenblas.dll


Dynamic libraries:
0x00007ff70aa50000 - 0x00007ff70aa60000 	C:\Program Files\Java\18\bin\java.exe
0x00007ffb36560000 - 0x00007ffb36769000 	C:\WINDOWS\SYSTEM32\ntdll.dll
0x00007ffb34ca0000 - 0x00007ffb34d5e000 	C:\WINDOWS\System32\KERNEL32.DLL
0x00007ffb33a30000 - 0x00007ffb33dab000 	C:\WINDOWS\System32\KERNELBASE.dll
0x00007ffb33ed0000 - 0x00007ffb33fe1000 	C:\WINDOWS\System32\ucrtbase.dll
0x00007ffb21250000 - 0x00007ffb2126a000 	C:\Program Files\Java\18\bin\VCRUNTIME140.dll
0x00007ffb1e8f0000 - 0x00007ffb1e908000 	C:\Program Files\Java\18\bin\jli.dll
0x00007ffb35af0000 - 0x00007ffb35b9e000 	C:\WINDOWS\System32\ADVAPI32.dll
0x00007ffb35db0000 - 0x00007ffb35e53000 	C:\WINDOWS\System32\msvcrt.dll
0x00007ffb36240000 - 0x00007ffb362de000 	C:\WINDOWS\System32\sechost.dll
0x00007ffb34da0000 - 0x00007ffb34ec0000 	C:\WINDOWS\System32\RPCRT4.dll
0x00007ffb36090000 - 0x00007ffb3623d000 	C:\WINDOWS\System32\USER32.dll
0x00007ffb34150000 - 0x00007ffb34176000 	C:\WINDOWS\System32\win32u.dll
0x00007ffb35c00000 - 0x00007ffb35c29000 	C:\WINDOWS\System32\GDI32.dll
0x00007ffb33db0000 - 0x00007ffb33ec8000 	C:\WINDOWS\System32\gdi32full.dll
0x00007ffb340b0000 - 0x00007ffb3414d000 	C:\WINDOWS\System32\msvcp_win.dll
0x00007ffb27230000 - 0x00007ffb274d5000 	C:\WINDOWS\WinSxS\amd64_microsoft.windows.common-controls_6595b64144ccf1df_6.0.22000.120_none_9d947278b86cc467\COMCTL32.dll
0x00007ffb29ba0000 - 0x00007ffb29baa000 	C:\WINDOWS\SYSTEM32\VERSION.dll
0x00007ffb34d60000 - 0x00007ffb34d92000 	C:\WINDOWS\System32\IMM32.DLL
0x00007ffb219e0000 - 0x00007ffb219ec000 	C:\Program Files\Java\18\bin\vcruntime140_1.dll
0x00007ffb029c0000 - 0x00007ffb02a4d000 	C:\Program Files\Java\18\bin\msvcp140.dll
0x00007ffab1710000 - 0x00007ffab2321000 	C:\Program Files\Java\18\bin\server\jvm.dll
0x00007ffb35e60000 - 0x00007ffb35e68000 	C:\WINDOWS\System32\PSAPI.DLL
0x00007ffb13800000 - 0x00007ffb13809000 	C:\WINDOWS\SYSTEM32\WSOCK32.dll
0x00007ffb295f0000 - 0x00007ffb29623000 	C:\WINDOWS\SYSTEM32\WINMM.dll
0x00007ffb36020000 - 0x00007ffb3608f000 	C:\WINDOWS\System32\WS2_32.dll
0x00007ffb32ba0000 - 0x00007ffb32bb8000 	C:\WINDOWS\SYSTEM32\kernel.appcore.dll
0x00007ffb21600000 - 0x00007ffb2160a000 	C:\Program Files\Java\18\bin\jimage.dll
0x00007ffb315c0000 - 0x00007ffb317e1000 	C:\WINDOWS\SYSTEM32\DBGHELP.DLL
0x00007ffb27890000 - 0x00007ffb278c1000 	C:\WINDOWS\SYSTEM32\dbgcore.DLL
0x00007ffb34180000 - 0x00007ffb341ff000 	C:\WINDOWS\System32\bcryptPrimitives.dll
0x00007ffb211a0000 - 0x00007ffb211ae000 	C:\Program Files\Java\18\bin\instrument.dll
0x00007ffb1a1e0000 - 0x00007ffb1a205000 	C:\Program Files\Java\18\bin\java.dll
0x00007ffb00f70000 - 0x00007ffb01046000 	C:\Program Files\Java\18\bin\jsvml.dll
0x00007ffb34ec0000 - 0x00007ffb35678000 	C:\WINDOWS\System32\SHELL32.dll
0x00007ffb31ae0000 - 0x00007ffb32345000 	C:\WINDOWS\SYSTEM32\windows.storage.dll
0x00007ffb347b0000 - 0x00007ffb34b28000 	C:\WINDOWS\System32\combase.dll
0x00007ffb31970000 - 0x00007ffb31ad6000 	C:\WINDOWS\SYSTEM32\wintypes.dll
0x00007ffb343e0000 - 0x00007ffb344ca000 	C:\WINDOWS\System32\SHCORE.dll
0x00007ffb35f90000 - 0x00007ffb35fed000 	C:\WINDOWS\System32\shlwapi.dll
0x00007ffb33960000 - 0x00007ffb33981000 	C:\WINDOWS\SYSTEM32\profapi.dll
0x00007ffb18180000 - 0x00007ffb18198000 	C:\Program Files\Java\18\bin\zip.dll
0x00007ffb1a400000 - 0x00007ffb1a413000 	C:\Program Files\Java\18\bin\net.dll
0x00007ffb2eb60000 - 0x00007ffb2ec74000 	C:\WINDOWS\SYSTEM32\WINHTTP.dll
0x00007ffb33040000 - 0x00007ffb330a7000 	C:\WINDOWS\system32\mswsock.dll
0x00007ffb1a100000 - 0x00007ffb1a116000 	C:\Program Files\Java\18\bin\nio.dll
0x00007ffb17760000 - 0x00007ffb1777a000 	C:\Program Files\JetBrains\IntelliJ IDEA 2021.2\bin\breakgen64.dll
0x00007ffb326d0000 - 0x00007ffb327b8000 	C:\WINDOWS\SYSTEM32\DNSAPI.dll
0x00007ffb326a0000 - 0x00007ffb326cd000 	C:\WINDOWS\SYSTEM32\IPHLPAPI.DLL
0x00007ffb35ff0000 - 0x00007ffb35ff9000 	C:\WINDOWS\System32\NSI.dll
0x00007ffb2b3d0000 - 0x00007ffb2b3da000 	C:\Windows\System32\rasadhlp.dll
0x00007ffb2d530000 - 0x00007ffb2d5b1000 	C:\WINDOWS\System32\fwpuclnt.dll
0x00007ffb20c40000 - 0x00007ffb20c49000 	C:\Program Files\Java\18\bin\management.dll
0x00007ffb20910000 - 0x00007ffb2091b000 	C:\Program Files\Java\18\bin\management_ext.dll
0x00007ffb33280000 - 0x00007ffb33298000 	C:\WINDOWS\SYSTEM32\CRYPTSP.dll
0x00007ffb32b00000 - 0x00007ffb32b35000 	C:\WINDOWS\system32\rsaenh.dll
0x00007ffb33130000 - 0x00007ffb33159000 	C:\WINDOWS\SYSTEM32\USERENV.dll
0x00007ffb33410000 - 0x00007ffb33437000 	C:\WINDOWS\SYSTEM32\bcrypt.dll
0x00007ffb332a0000 - 0x00007ffb332ac000 	C:\WINDOWS\SYSTEM32\CRYPTBASE.dll
0x00007ffb2eac0000 - 0x00007ffb2ead9000 	C:\WINDOWS\SYSTEM32\dhcpcsvc6.DLL
0x00007ffb2ee80000 - 0x00007ffb2ee9e000 	C:\WINDOWS\SYSTEM32\dhcpcsvc.DLL
0x00007ffb091e0000 - 0x00007ffb091f7000 	C:\WINDOWS\system32\napinsp.dll
0x00007ffb087d0000 - 0x00007ffb087eb000 	C:\WINDOWS\system32\pnrpnsp.dll
0x00007ffb086c0000 - 0x00007ffb086d2000 	C:\WINDOWS\System32\winrnr.dll
0x00007ffb2c560000 - 0x00007ffb2c575000 	C:\WINDOWS\system32\wshbth.dll
0x00007ffb086a0000 - 0x00007ffb086bf000 	C:\WINDOWS\system32\nlansp_c.dll
0x0000000069480000 - 0x0000000069a6c000 	C:\Users\aliol\.javacpp\cache\nd4j-native-0.9.1-windows-x86_64.jar\org\nd4j\nativeblas\windows-x86_64\libnd4jcpu.dll
0x0000000066880000 - 0x00000000669f2000 	C:\Users\aliol\.javacpp\cache\nd4j-native-0.9.1-windows-x86_64.jar\org\nd4j\nativeblas\windows-x86_64\jnind4jcpu.dll
0x00007ffae60b0000 - 0x00007ffae6286000 	C:\DB\bin\libiomp5md.dll
0x00007ffaad060000 - 0x00007ffaaef62000 	C:\DB\bin\mkl_intel_thread.dll
0x00007ffab0880000 - 0x00007ffab170c000 	C:\DB\bin\mkl_rt.dll
0x00007ffaac1d0000 - 0x00007ffaad05c000 	C:\Users\aliol\.javacpp\cache\mkl_rt.dll\libopenblas.dll
0x0000000067800000 - 0x0000000068599000 	C:\Users\aliol\.javacpp\cache\openblas-0.2.19-1.3-windows-x86_64.jar\org\bytedeco\javacpp\windows-x86_64\jniopenblas.dll

dbghelp: loaded successfully - version: 4.0.5 - missing functions: none
symbol engine: initialized successfully - sym options: 0x614 - pdb path: .;C:\Program Files\Java\18\bin;C:\WINDOWS\SYSTEM32;C:\WINDOWS\WinSxS\amd64_microsoft.windows.common-controls_6595b64144ccf1df_6.0.22000.120_none_9d947278b86cc467;C:\Program Files\Java\18\bin\server;C:\Program Files\JetBrains\IntelliJ IDEA 2021.2\bin;C:\Users\aliol\.javacpp\cache\nd4j-native-0.9.1-windows-x86_64.jar\org\nd4j\nativeblas\windows-x86_64;C:\DB\bin;C:\Users\aliol\.javacpp\cache\mkl_rt.dll;C:\Users\aliol\.javacpp\cache\openblas-0.2.19-1.3-windows-x86_64.jar\org\bytedeco\javacpp\windows-x86_64

VM Arguments:
jvm_args: -XX:TieredStopAtLevel=1 -Xverify:none -Dspring.output.ansi.enabled=always -javaagent:C:\Program Files\JetBrains\IntelliJ IDEA 2021.2\lib\idea_rt.jar=54331:C:\Program Files\JetBrains\IntelliJ IDEA 2021.2\bin -Dcom.sun.management.jmxremote -Dspring.jmx.enabled=true -Dspring.liveBeansView.mbeanDomain -Dspring.application.admin.enabled=true -Dfile.encoding=UTF-8 
java_command: com.example.deeplearning4jcnn.Deeplearning4jCnnApplication
java_class_path (initial): C:\Projekte\jhipster\deeplearning4jCNN\target\classes;C:\Users\aliol\.m2\repository\org\springframework\boot\spring-boot-starter\3.0.0\spring-boot-starter-3.0.0.jar;C:\Users\aliol\.m2\repository\org\springframework\boot\spring-boot\3.0.0\spring-boot-3.0.0.jar;C:\Users\aliol\.m2\repository\org\springframework\spring-context\6.0.2\spring-context-6.0.2.jar;C:\Users\aliol\.m2\repository\org\springframework\spring-aop\6.0.2\spring-aop-6.0.2.jar;C:\Users\aliol\.m2\repository\org\springframework\spring-beans\6.0.2\spring-beans-6.0.2.jar;C:\Users\aliol\.m2\repository\org\springframework\spring-expression\6.0.2\spring-expression-6.0.2.jar;C:\Users\aliol\.m2\repository\org\springframework\boot\spring-boot-autoconfigure\3.0.0\spring-boot-autoconfigure-3.0.0.jar;C:\Users\aliol\.m2\repository\org\springframework\boot\spring-boot-starter-logging\3.0.0\spring-boot-starter-logging-3.0.0.jar;C:\Users\aliol\.m2\repository\ch\qos\logback\logback-classic\1.4.5\logback-classic-1.4.5.jar;C:\Users\aliol\.m2\repository\ch\qos\logback\logback-core\1.4.5\logback-core-1.4.5.jar;C:\Users\aliol\.m2\repository\org\apache\logging\log4j\log4j-to-slf4j\2.19.0\log4j-to-slf4j-2.19.0.jar;C:\Users\aliol\.m2\repository\org\apache\logging\log4j\log4j-api\2.19.0\log4j-api-2.19.0.jar;C:\Users\aliol\.m2\repository\org\slf4j\jul-to-slf4j\2.0.4\jul-to-slf4j-2.0.4.jar;C:\Users\aliol\.m2\repository\jakarta\annotation\jakarta.annotation-api\2.1.1\jakarta.annotation-api-2.1.1.jar;C:\Users\aliol\.m2\repository\org\springframework\spring-core\6.0.2\spring-core-6.0.2.jar;C:\Users\aliol\.m2\repository\org\springframework\spring-jcl\6.0.2\spring-jcl-6.0.2.jar;C:\Users\aliol\.m2\repository\org\yaml\snakeyaml\1.33\snakeyaml-1.33.jar;C:\Users\aliol\.m2\repository\org\springframework\boot\spring-boot-devtools\3.0.0\spring-boot-devtools-3.0.0.jar;C:\Users\aliol\.m2\repository\org\nd4j\nd4j-native-platform\0.9.1\nd4j-native-platform-0.9.1.jar;C:\Users\aliol\.m2\repository\org\bytedeco\javacpp-presets\openblas-platform\0.2.19-1.3\openblas-platform-0.2.19-1.3.jar;C:\Users\aliol\.m2\repository\org\bytedeco\javacpp-presets\openblas\0.2.19-1.3\openblas-0.2.19-1.3.jar;C:\Users\aliol\.m2\repository\org\bytedeco\javacpp-presets\openblas\0.2.19-1.3\openblas-0.2.19-1.3-android-arm.jar;C:\Users\aliol\.m2\repository\org\bytedeco\javacpp-presets\openblas\0.2.19-1.3\openblas-0.2.19-1.3-android-x86.jar;C:\Users\aliol\.m2\repository\org\bytedeco\javacpp-presets\openblas\0.2.19-1.3\openblas-0.2.19-1.3-linux-x86.jar;C:\Users\aliol\.m2\repository\org\bytedeco\javacpp-presets\openblas\0.2.19-1.3\openblas-0.2.19-1.3-linux-x86_64.jar;C:\Users\aliol\.m2\repository\org\bytedeco\javacpp-presets\openblas\0.2.19-1.3\openblas-0.2.19-1.3-linux-armhf.jar;C:\Users\aliol\.m2\repository\org\bytedeco\javacpp-presets\openblas\0.2.19-1.3\openblas-0.2.19-1.3-linux-ppc64le.jar;C:\Users\aliol\.m2\repository\org\bytedeco\javacpp-presets\openblas\0.2.19-1.3\openblas-0.2.19-1.3-macosx-x86_64.jar;C:\Users\aliol\.m2\repository\org\bytedeco\javacpp-presets\openblas\0.2.19-1.3\openblas-0.2.19-1.3-windows-x86.jar;C:\Users\aliol\.m2\repository\org\bytedeco\javacpp-presets\openblas\0.2.19-1.3\openblas-0.2.19-1.3-windows-x86_64.jar;C:\Users\aliol\.m2\repository\org\nd4j\nd4j-native\0.9.1\nd4j-native-0.9.1.jar;C:\Users\aliol\.m2\repository\org\bytedeco\javacpp\1.3.3\javacpp-1.3.3.jar;C:\Users\aliol\.m2\repository\org\nd4j\nd4j-native-api\0.9.1\nd4j-native-api-0.9.1.jar;C:\Users\aliol\.m2\repository\org\nd4j\nd4j-native\0.9.1\nd4j-native-0.9.1-android-arm.jar;C:\Users\aliol\.m2\repository\org\nd4j\nd4j-native\0.9.1\nd4j-native-0.9.1-android-x86.jar;C:\Users\aliol\.m2\repository\org\nd4j\nd4j-native\0.9.1\nd4j-native-0.9.1-linux-x86_64.jar;C:\Users\aliol\.m2\repository\org\nd4j\nd4j-native\0.9.1\nd4j-native-0.9.1-macosx-x86_64.jar;C:\Users\aliol\.m2\repository\org\nd4j\nd4j-native\0.9.1\nd4j-native-0.9.1-windows-x86_64.jar;C:\Users\aliol\.m2\repository\org\nd4j\nd4j-native\0.9.1\nd4j-native-0.9.1-linux-ppc64le.jar;C:\Users\aliol\.m2\repository\org\deeplearning4j\deeplearning4j-core\0.9.1\deeplearning4j-core-0.9.1.jar;C:\Users\aliol\.m2\repository\org\deeplearning4j\nearestneighbor-core\0.9.1\nearestneighbor-core-0.9.1.jar;C:\Users\aliol\.m2\repository\org\deeplearning4j\deeplearning4j-modelimport\0.9.1\deeplearning4j-modelimport-0.9.1.jar;C:\Users\aliol\.m2\repository\org\bytedeco\javacpp-presets\hdf5-platform\1.10.0-patch1-1.3\hdf5-platform-1.10.0-patch1-1.3.jar;C:\Users\aliol\.m2\repository\org\bytedeco\javacpp-presets\hdf5\1.10.0-patch1-1.3\hdf5-1.10.0-patch1-1.3.jar;C:\Users\aliol\.m2\repository\org\bytedeco\javacpp-presets\hdf5\1.10.0-patch1-1.3\hdf5-1.10.0-patch1-1.3-linux-x86.jar;C:\Users\aliol\.m2\repository\org\bytedeco\javacpp-presets\hdf5\1.10.0-patch1-1.3\hdf5-1.10.0-patch1-1.3-linux-x86_64.jar;C:\Users\aliol\.m2\repository\org\bytedeco\javacpp-presets\hdf5\1.10.0-patch1-1.3\hdf5-1.10.0-patch1-1.3-linux-ppc64le.jar;C:\Users\aliol\.m2\repository\org\bytedeco\javacpp-presets\hdf5\1.10.0-patch1-1.3\hdf5-1.10.0-patch1-1.3-macosx-x86_64.jar;C:\Users\aliol\.m2\repository\org\bytedeco\javacpp-presets\hdf5\1.10.0-patch1-1.3\hdf5-1.10.0-patch1-1.3-windows-x86.jar;C:\Users\aliol\.m2\repository\org\bytedeco\javacpp-presets\hdf5\1.10.0-patch1-1.3\hdf5-1.10.0-patch1-1.3-windows-x86_64.jar;C:\Users\aliol\.m2\repository\org\slf4j\slf4j-api\2.0.4\slf4j-api-2.0.4.jar;C:\Users\aliol\.m2\repository\org\apache\commons\commons-math3\3.4.1\commons-math3-3.4.1.jar;C:\Users\aliol\.m2\repository\commons-io\commons-io\2.4\commons-io-2.4.jar;C:\Users\aliol\.m2\repository\org\apache\commons\commons-compress\1.8\commons-compress-1.8.jar;C:\Users\aliol\.m2\repository\org\tukaani\xz\1.5\xz-1.5.jar;C:\Users\aliol\.m2\repository\com\google\guava\guava\20.0\guava-20.0.jar;C:\Users\aliol\.m2\repository\org\nd4j\nd4j-api\0.9.1\nd4j-api-0.9.1.jar;C:\Users\aliol\.m2\repository\org\nd4j\nd4j-buffer\0.9.1\nd4j-buffer-0.9.1.jar;C:\Users\aliol\.m2\repository\org\nd4j\nd4j-context\0.9.1\nd4j-context-0.9.1.jar;C:\Users\aliol\.m2\repository\net\ericaro\neoitertools\1.0.0\neoitertools-1.0.0.jar;C:\Users\aliol\.m2\repository\junit\junit\4.13.2\junit-4.13.2.jar;C:\Users\aliol\.m2\repository\org\hamcrest\hamcrest-core\2.2\hamcrest-core-2.2.jar;C:\Users\aliol\.m2\repository\org\reflections\reflections\0.9.10\reflections-0.9.10.jar;C:\Users\aliol\.m2\repository\org\javassist\javassist\3.19.0-GA\javassist-3.19.0-GA.jar;C:\Users\aliol\.m2\repository\com\google\code\findbugs\annotations\2.0.1\annotations-2.0.1.jar;C:\Users\aliol\.m2\repository\org\apache\commons\commons-lang3\3.12.0\commons-lang3-3.12.0.jar;C:\Users\aliol\.m2\repository\org\nd4j\jackson\0.9.1\jackson-0.9.1.jar;C:\Users\aliol\.m2\repository\org\codehaus\woodstox\stax2-api\3.1.4\stax2-api-3.1.4.jar;C:\Users\aliol\.m2\repository\joda-time\joda-time\2.2\joda-time-2.2.jar;C:\Users\aliol\.m2\repository\org\projectlombok\lombok\1.18.24\lombok-1.18.24.jar;C:\Users\aliol\.m2\repository\org\datavec\datavec-api\0.9.1\datavec-api-0.9.1.jar;C:\Users\aliol\.m2\repository\org\freemarker\freemarker\2.3.31\freemarker-2.3.31.jar;C:\Users\aliol\.m2\repository\com\clearspring\analytics\stream\2.7.0\stream-2.7.0.jar;C:\Users\aliol\.m2\repository\it\unimi\dsi\fastutil\6.5.7\fastutil-6.5.7.jar;C:\Users\aliol\.m2\repository\net\sf\opencsv\opencsv\2.3\opencsv-2.3.jar;C:\Users\aliol\.m2\repository\org\datavec\datavec-data-image\0.9.1\datavec-data-image-0.9.1.jar;C:\Users\aliol\.m2\repository\com\github\jai-imageio\jai-imageio-core\1.3.0\jai-imageio-core-1.3.0.jar;C:\Users\aliol\.m2\repository\com\twelvemonkeys\imageio\imageio-jpeg\3.1.1\imageio-jpeg-3.1.1.jar;C:\Users\aliol\.m2\repository\com\twelvemonkeys\imageio\imageio-core\3.1.1\imageio-core-3.1.1.jar;C:\Users\aliol\.m2\repository\com\twelvemonkeys\imageio\imageio-metadata\3.1.1\imageio-metadata-3.1.1.jar;C:\Users\aliol\.m2\repository\com\twelvemonkeys\common\common-lang\3.1.1\common-lang-3.1.1.jar;C:\Users\aliol\.m2\repository\com\twelvemonkeys\common\common-io\3.1.1\common-io-3.1.1.jar;C:\Users\aliol\.m2\repository\com\twelvemonkeys\common\common-image\3.1.1\common-image-3.1.1.jar;C:\Users\aliol\.m2\repository\com\twelvemonkeys\imageio\imageio-tiff\3.1.1\imageio-tiff-3.1.1.jar;C:\Users\aliol\.m2\repository\com\twelvemonkeys\imageio\imageio-psd\3.1.1\imageio-psd-3.1.1.jar;C:\Users\aliol\.m2\repository\com\twelvemonkeys\imageio\imageio-bmp\3.1.1\imageio-bmp-3.1.1.jar;C:\Users\aliol\.m2\repository\org\bytedeco\javacv\1.3.3\javacv-1.3.3.jar;C:\Users\aliol\.m2\repository\org\bytedeco\javacpp-presets\opencv\3.2.0-1.3\opencv-3.2.0-1.3.jar;C:\Users\aliol\.m2\repository\org\bytedeco\javacpp-presets\ffmpeg\3.2.1-1.3\ffmpeg-3.2.1-1.3.jar;C:\Users\aliol\.m2\repository\org\bytedeco\javacpp-presets\flycapture\2.9.3.43-1.3\flycapture-2.9.3.43-1.3.jar;C:\Users\aliol\.m2\repository\org\bytedeco\javacpp-presets\libdc1394\2.2.4-1.3\libdc1394-2.2.4-1.3.jar;C:\Users\aliol\.m2\repository\org\bytedeco\javacpp-presets\libfreenect\0.5.3-1.3\libfreenect-0.5.3-1.3.jar;C:\Users\aliol\.m2\repository\org\bytedeco\javacpp-presets\libfreenect2\0.2.0-1.3\libfreenect2-0.2.0-1.3.jar;C:\Users\aliol\.m2\repository\org\bytedeco\javacpp-presets\librealsense\1.9.6-1.3\librealsense-1.9.6-1.3.jar;C:\Users\aliol\.m2\repository\org\bytedeco\javacpp-presets\videoinput\0.200-1.3\videoinput-0.200-1.3.jar;C:\Users\aliol\.m2\repository\org\bytedeco\javacpp-presets\artoolkitplus\2.3.1-1.3\artoolkitplus-2.3.1-1.3.jar;C:\Users\aliol\.m2\repository\org\bytedeco\javacpp-presets\flandmark\1.07-1.3\flandmark-1.07-1.3.jar;C:\Users\aliol\.m2\repository\org\bytedeco\javacpp-presets\opencv-platform\3.2.0-1.3\opencv-platform-3.2.0-1.3.jar;C:\Users\aliol\.m2\repository\org\bytedeco\javacpp-presets\opencv\3.2.0-1.3\opencv-3.2.0-1.3-android-arm.jar;C:\Users\aliol\.m2\repository\org\bytedeco\javacpp-presets\opencv\3.2.0-1.3\opencv-3.2.0-1.3-android-x86.jar;C:\Users\aliol\.m2\repository\org\bytedeco\javacpp-presets\opencv\3.2.0-1.3\opencv-3.2.0-1.3-linux-x86.jar;C:\Users\aliol\.m2\repository\org\bytedeco\javacpp-presets\opencv\3.2.0-1.3\opencv-3.2.0-1.3-linux-x86_64.jar;C:\Users\aliol\.m2\repository\org\bytedeco\javacpp-presets\opencv\3.2.0-1.3\opencv-3.2.0-1.3-linux-armhf.jar;C:\Users\aliol\.m2\repository\org\bytedeco\javacpp-presets\opencv\3.2.0-1.3\opencv-3.2.0-1.3-linux-ppc64le.jar;C:\Users\aliol\.m2\repository\org\bytedeco\javacpp-presets\opencv\3.2.0-1.3\opencv-3.2.0-1.3-macosx-x86_64.jar;C:\Users\aliol\.m2\repository\org\bytedeco\javacpp-presets\opencv\3.2.0-1.3\opencv-3.2.0-1.3-windows-x86.jar;C:\Users\aliol\.m2\repository\org\bytedeco\javacpp-presets\opencv\3.2.0-1.3\opencv-3.2.0-1.3-windows-x86_64.jar;C:\Users\aliol\.m2\repository\org\bytedeco\javacpp-presets\leptonica-platform\1.73-1.3\leptonica-platform-1.73-1.3.jar;C:\Users\aliol\.m2\repository\org\bytedeco\javacpp-presets\leptonica\1.73-1.3\leptonica-1.73-1.3.jar;C:\Users\aliol\.m2\repository\org\bytedeco\javacpp-presets\leptonica\1.73-1.3\leptonica-1.73-1.3-android-arm.jar;C:\Users\aliol\.m2\repository\org\bytedeco\javacpp-presets\leptonica\1.73-1.3\leptonica-1.73-1.3-android-x86.jar;C:\Users\aliol\.m2\repository\org\bytedeco\javacpp-presets\leptonica\1.73-1.3\leptonica-1.73-1.3-linux-x86.jar;C:\Users\aliol\.m2\repository\org\bytedeco\javacpp-presets\leptonica\1.73-1.3\leptonica-1.73-1.3-linux-x86_64.jar;C:\Users\aliol\.m2\repository\org\bytedeco\javacpp-presets\leptonica\1.73-1.3\leptonica-1.73-1.3-linux-armhf.jar;C:\Users\aliol\.m2\repository\org\bytedeco\javacpp-presets\leptonica\1.73-1.3\leptonica-1.73-1.3-linux-ppc64le.jar;C:\Users\aliol\.m2\repository\org\bytedeco\javacpp-presets\leptonica\1.73-1.3\leptonica-1.73-1.3-macosx-x86_64.jar;C:\Users\aliol\.m2\repository\org\bytedeco\javacpp-presets\leptonica\1.73-1.3\leptonica-1.73-1.3-windows-x86.jar;C:\Users\aliol\.m2\repository\org\bytedeco\javacpp-presets\leptonica\1.73-1.3\leptonica-1.73-1.3-windows-x86_64.jar;C:\Users\aliol\.m2\repository\org\deeplearning4j\deeplearning4j-ui-components\0.9.1\deeplearning4j-ui-components-0.9.1.jar;C:\Users\aliol\.m2\repository\commons-codec\commons-codec\1.15\commons-codec-1.15.jar;C:\Users\aliol\.m2\repository\org\deeplearning4j\deeplearning4j-nn\0.9.1\deeplearning4j-nn-0.9.1.jar;C:\Users\aliol\.m2\repository\org\nd4j\nd4j-common\0.9.1\nd4j-common-0.9.1.jar;C:\Users\aliol\.m2\repository\com\github\stephenc\findbugs\findbugs-annotations\1.3.9-1\findbugs-annotations-1.3.9-1.jar;C:\Users\aliol\.m2\repository\org\nd4j\nd4j-jackson\0.9.1\nd4j-jackson-0.9.1.jar;C:\Users\aliol\.m2\repository\org\nd4j\nd4j-base64\0.9.1\nd4j-base64-0.9.1.jar;C:\Users\aliol\.m2\repository\commons-net\commons-net\3.1\commons-net-3.1.jar
Launcher Type: SUN_STANDARD

[Global flags]
     intx CICompilerCount                          = 4                                         {product} {ergonomic}
     uint ConcGCThreads                            = 2                                         {product} {ergonomic}
     uint G1ConcRefinementThreads                  = 8                                         {product} {ergonomic}
   size_t G1HeapRegionSize                         = 2097152                                   {product} {ergonomic}
    uintx GCDrainStackTargetSize                   = 64                                        {product} {ergonomic}
   size_t InitialHeapSize                          = 260046848                                 {product} {ergonomic}
     bool ManagementServer                         = true                                      {product} {command line}
   size_t MarkStackSize                            = 4194304                                   {product} {ergonomic}
   size_t MaxHeapSize                              = 4131389440                                {product} {ergonomic}
   size_t MaxNewSize                               = 2478833664                                {product} {ergonomic}
   size_t MinHeapDeltaBytes                        = 2097152                                   {product} {ergonomic}
   size_t MinHeapSize                              = 8388608                                   {product} {ergonomic}
    uintx NonProfiledCodeHeapSize                  = 0                                      {pd product} {ergonomic}
     bool ProfileInterpreter                       = false                                  {pd product} {command line}
    uintx ProfiledCodeHeapSize                     = 0                                      {pd product} {ergonomic}
   size_t SoftMaxHeapSize                          = 4131389440                             {manageable} {ergonomic}
     intx TieredStopAtLevel                        = 1                                         {product} {command line}
     bool UseCompressedClassPointers               = true                           {product lp64_product} {ergonomic}
     bool UseCompressedOops                        = true                           {product lp64_product} {ergonomic}
     bool UseG1GC                                  = true                                      {product} {ergonomic}
     bool UseLargePagesIndividualAllocation        = false                                  {pd product} {ergonomic}

Logging:
Log output configuration:
 #0: stdout all=warning uptime,level,tags foldmultilines=false
 #1: stderr all=off uptime,level,tags foldmultilines=false

Environment Variables:
JAVA_HOME=C:\Program Files\Java\openlogic-openjdk-8u342-b07-windows-64
PATH=C:\DB\bin;C:\WINDOWS\system32;C:\WINDOWS;C:\WINDOWS\System32\Wbem;C:\WINDOWS\System32\WindowsPowerShell\v1.0\;C:\WINDOWS\System32\OpenSSH\;C:\Program Files\Git\cmd;C:\Program Files\swipl\bin;C:\Program Files\Microsoft SQL Server\120\Tools\Binn\;C:\Program Files\ngrok;C:\Program Files (x86)\Tailscale IPN;C:\Program Files\PuTTY\;C:\Users\aliol\AppData\Local\Programs\Python\Python310\;C:\Users\aliol\.m2\wrapper\dists\apache-maven-3.8.4-bin\52ccbt68d252mdldqsfsn03jlf\apache-maven-3.8.4\bin;C:\neo4j\bin;C:\Program Files\Docker\Docker\resources\bin;C:\ProgramData\DockerDesktop\version-bin;C:\Users\aliol\AppData\Roaming\nvm;C:\Program Files\nodejs;C:\Program Files\Java\openlogic-openjdk-8u342-b07-windows-64\bin;C:\Users\aliol\AppData\Local\Android\Sdk\build-tools;C:\Users\aliol\AppData\Local\Android\Sdk\platform-tools;C:\Users\aliol\AppData\Local\Android\Sdk\cmdline-tools\latest\bin;C:\gradle-6.9.3\bin;c:\users\aliol\appdata\local\programs\python\python311\lib\site-packages;C:\Users\aliol\AppData\Local\Programs\Python\Python311\Scripts\;C:\Users\aliol\AppData\Local\Programs\Python\Python311\;C:\Users\aliol\.windows-build-tools\python27\;C:\Program Files (x86)\VMware\VMware Player\bin\;C:\DB\bin;C:\WINDOWS\system32;C:\WINDOWS;C:\WINDOWS\System32\Wbem;C:\WINDOWS\System32\WindowsPowerShell\v1.0\;C:\WINDOWS\System32\OpenSSH\;C:\Program Files\Git\cmd;C:\Program Files\swipl\bin;C:\Program Files\Microsoft SQL Server\120\Tools\Binn\;C:\Program Files\Instant Reality\bin\;C:\Program Files\ngrok;C:\Program Files (x86)\Tailscale IPN;C:\Pro;C:\Users\aliol\AppData\Roaming\npm;C:\Program Files\MySQL\MySQL Server 8.0\bin;C:\Users\aliol\Frameworks\flutter\bin;C:\Users\aliol\AppData\Roaming\nvm;C:\Program Files\nodejs;
USERNAME=aliol
OS=Windows_NT
PROCESSOR_IDENTIFIER=AMD64 Family 23 Model 96 Stepping 1, AuthenticAMD



---------------  S Y S T E M  ---------------

OS:
 Windows 11 , 64 bit Build 22000 (10.0.22000.1219)
OS uptime: 2 days 9:06 hours
Hyper-V role detected

CPU: total 8 (initial active 8) (8 cores per cpu, 1 threads per core) family 23 model 96 stepping 1 microcode 0x0, cx8, cmov, fxsr, mmx, 3dnowpref, sse, sse2, sse3, ssse3, sse4a, sse4.1, sse4.2, popcnt, lzcnt, tsc, tscinvbit, avx, avx2, aes, clmul, bmi1, bmi2, adx, sha, fma, vzeroupper, clflush, clflushopt, hv

Memory: 4k page, system-wide physical 15756M (3560M free)
TotalPageFile size 31628M (AvailPageFile size 10723M)
current process WorkingSet (physical memory assigned to process): 95M, peak: 158M
current process commit charge ("private bytes"): 184M, peak: 377M

vm_info: Java HotSpot(TM) 64-Bit Server VM (18.0.2.1+1-1) for windows-amd64 JRE (18.0.2.1+1-1), built on Aug 16 2022 01:46:33 by "mach5one" with MS VC++ 16.8 / 16.9 (VS2019)

END.
